This is pdfTeX, Version 3.14159265-2.6-1.40.16 (TeX Live 2015/Debian) (preloaded format=pdflatex 2018.6.4)  28 AUG 2018 11:12
entering extended mode
 restricted \write18 enabled.
 %&-line parsing enabled.
**main.tex
(./main.tex
LaTeX2e <2016/02/01>
Babel <3.9q> and hyphenation patterns for 81 language(s) loaded.
(/usr/share/texlive/texmf-dist/tex/latex/base/report.cls
Document Class: report 2014/09/29 v1.4h Standard LaTeX document class
(/usr/share/texlive/texmf-dist/tex/latex/base/size11.clo
File: size11.clo 2014/09/29 v1.4h Standard LaTeX file (size option)
)
\c@part=\count79
\c@chapter=\count80
\c@section=\count81
\c@subsection=\count82
\c@subsubsection=\count83
\c@paragraph=\count84
\c@subparagraph=\count85
\c@figure=\count86
\c@table=\count87
\abovecaptionskip=\skip41
\belowcaptionskip=\skip42
\bibindent=\dimen102
) (./includes.tex
(/usr/share/texlive/texmf-dist/tex/latex/geometry/geometry.sty
Package: geometry 2010/09/12 v5.6 Page Geometry

(/usr/share/texlive/texmf-dist/tex/latex/graphics/keyval.sty
Package: keyval 2014/10/28 v1.15 key=value parser (DPC)
\KV@toks@=\toks14
)
(/usr/share/texlive/texmf-dist/tex/generic/oberdiek/ifpdf.sty
Package: ifpdf 2011/01/30 v2.3 Provides the ifpdf switch (HO)
Package ifpdf Info: pdfTeX in PDF mode is detected.
)
(/usr/share/texlive/texmf-dist/tex/generic/oberdiek/ifvtex.sty
Package: ifvtex 2010/03/01 v1.5 Detect VTeX and its facilities (HO)
Package ifvtex Info: VTeX not detected.
)
(/usr/share/texlive/texmf-dist/tex/generic/ifxetex/ifxetex.sty
Package: ifxetex 2010/09/12 v0.6 Provides ifxetex conditional
)
\Gm@cnth=\count88
\Gm@cntv=\count89
\c@Gm@tempcnt=\count90
\Gm@bindingoffset=\dimen103
\Gm@wd@mp=\dimen104
\Gm@odd@mp=\dimen105
\Gm@even@mp=\dimen106
\Gm@layoutwidth=\dimen107
\Gm@layoutheight=\dimen108
\Gm@layouthoffset=\dimen109
\Gm@layoutvoffset=\dimen110
\Gm@dimlist=\toks15
)
(/usr/share/texlive/texmf-dist/tex/latex/textpos/textpos.sty
Package: textpos 2014/01/03 v1.7j

Package: textpos 2014/01/03 1.7j, absolute positioning of text on the page
\TP@textbox=\box26
\TPHorizModule=\dimen111
\TPVertModule=\dimen112
\TP@margin=\dimen113
\TP@absmargin=\dimen114
Grid set 16 x 16 = 37.34424pt x 52.81541pt
\TPboxrulesize=\dimen115
\TP@tbargs=\toks16
\TP@prevdepth=\dimen116
) (/usr/share/texlive/texmf-dist/tex/latex/tools/tabularx.sty
Package: tabularx 2014/10/28 v2.10 `tabularx' package (DPC)

(/usr/share/texlive/texmf-dist/tex/latex/tools/array.sty
Package: array 2014/10/28 v2.4c Tabular extension package (FMi)
\col@sep=\dimen117
\extrarowheight=\dimen118
\NC@list=\toks17
\extratabsurround=\skip43
\backup@length=\skip44
)
\TX@col@width=\dimen119
\TX@old@table=\dimen120
\TX@old@col=\dimen121
\TX@target=\dimen122
\TX@delta=\dimen123
\TX@cols=\count91
\TX@ftn=\toks18
)
(/usr/share/texlive/texmf-dist/tex/latex/tools/longtable.sty
Package: longtable 2014/10/28 v4.11 Multi-page Table package (DPC)
\LTleft=\skip45
\LTright=\skip46
\LTpre=\skip47
\LTpost=\skip48
\LTchunksize=\count92
\LTcapwidth=\dimen124
\LT@head=\box27
\LT@firsthead=\box28
\LT@foot=\box29
\LT@lastfoot=\box30
\LT@cols=\count93
\LT@rows=\count94
\c@LT@tables=\count95
\c@LT@chunks=\count96
\LT@p@ftn=\toks19
)
(/usr/share/texlive/texmf-dist/tex/latex/multirow/multirow.sty
\bigstrutjot=\dimen125
)
(/usr/share/texlive/texmf-dist/tex/latex/subfigure/subfigure.sty
Package: subfigure 2002/03/15 v2.1.5 subfigure package
\subfigtopskip=\skip49
\subfigcapskip=\skip50
\subfigcaptopadj=\dimen126
\subfigbottomskip=\skip51
\subfigcapmargin=\dimen127
\subfiglabelskip=\skip52
\c@subfigure=\count97
\c@lofdepth=\count98
\c@subtable=\count99
\c@lotdepth=\count100

****************************************
* Local config file subfigure.cfg used *
****************************************
(/usr/share/texlive/texmf-dist/tex/latex/subfigure/subfigure.cfg)
\subfig@top=\skip53
\subfig@bottom=\skip54
)
(/usr/share/texlive/texmf-dist/tex/latex/caption/caption.sty
Package: caption 2016/02/21 v3.3-144 Customizing captions (AR)

(/usr/share/texlive/texmf-dist/tex/latex/caption/caption3.sty
Package: caption3 2016/02/04 v1.7-139 caption3 kernel (AR)
Package caption3 Info: TeX engine: e-TeX on input line 67.
\captionmargin=\dimen128
\captionmargin@=\dimen129
\captionwidth=\dimen130
\caption@tempdima=\dimen131
\caption@indent=\dimen132
\caption@parindent=\dimen133
\caption@hangindent=\dimen134
)
\c@ContinuedFloat=\count101
Package caption Info: longtable package is loaded.

(/usr/share/texlive/texmf-dist/tex/latex/caption/ltcaption.sty
Package: ltcaption 2013/06/09 v1.4-94 longtable captions (AR)
)
Package caption Info: subfigure package is loaded.
)
(/usr/share/texlive/texmf-dist/tex/latex/fncylab/fncylab.sty)
(/usr/share/texlive/texmf-dist/tex/latex/fancyhdr/fancyhdr.sty
\fancy@headwidth=\skip55
\f@ncyO@elh=\skip56
\f@ncyO@erh=\skip57
\f@ncyO@olh=\skip58
\f@ncyO@orh=\skip59
\f@ncyO@elf=\skip60
\f@ncyO@erf=\skip61
\f@ncyO@olf=\skip62
\f@ncyO@orf=\skip63
)
(/usr/share/texlive/texmf-dist/tex/latex/url/url.sty
\Urlmuskip=\muskip10
Package: url 2013/09/16  ver 3.4  Verb mode for urls, etc.
)
(/usr/share/texlive/texmf-dist/tex/generic/babel/babel.sty
Package: babel 2016/02/24 3.9q The Babel package

(/usr/share/texlive/texmf-dist/tex/generic/babel-english/english.ldf
Language: english 2012/08/20 v3.3p English support from the babel system

(/usr/share/texlive/texmf-dist/tex/generic/babel/babel.def
File: babel.def 2016/02/24 3.9q Babel common definitions
\babel@savecnt=\count102
\U@D=\dimen135
)
\l@canadian = a dialect from \language\l@american 
\l@australian = a dialect from \language\l@british 
\l@newzealand = a dialect from \language\l@british 
))
(/usr/share/texlive/texmf-dist/tex/latex/amsmath/amsmath.sty
Package: amsmath 2016/03/03 v2.15a AMS math features
\@mathmargin=\skip64

For additional information on amsmath, use the `?' option.
(/usr/share/texlive/texmf-dist/tex/latex/amsmath/amstext.sty
Package: amstext 2000/06/29 v2.01 AMS text

(/usr/share/texlive/texmf-dist/tex/latex/amsmath/amsgen.sty
File: amsgen.sty 1999/11/30 v2.0 generic functions
\@emptytoks=\toks20
\ex@=\dimen136
))
(/usr/share/texlive/texmf-dist/tex/latex/amsmath/amsbsy.sty
Package: amsbsy 1999/11/29 v1.2d Bold Symbols
\pmbraise@=\dimen137
)
(/usr/share/texlive/texmf-dist/tex/latex/amsmath/amsopn.sty
Package: amsopn 1999/12/14 v2.01 operator names
)
\inf@bad=\count103
LaTeX Info: Redefining \frac on input line 199.
\uproot@=\count104
\leftroot@=\count105
LaTeX Info: Redefining \overline on input line 297.
\classnum@=\count106
\DOTSCASE@=\count107
LaTeX Info: Redefining \ldots on input line 394.
LaTeX Info: Redefining \dots on input line 397.
LaTeX Info: Redefining \cdots on input line 518.
\Mathstrutbox@=\box31
\strutbox@=\box32
\big@size=\dimen138
LaTeX Font Info:    Redeclaring font encoding OML on input line 630.
LaTeX Font Info:    Redeclaring font encoding OMS on input line 631.
\macc@depth=\count108
\c@MaxMatrixCols=\count109
\dotsspace@=\muskip11
\c@parentequation=\count110
\dspbrk@lvl=\count111
\tag@help=\toks21
\row@=\count112
\column@=\count113
\maxfields@=\count114
\andhelp@=\toks22
\eqnshift@=\dimen139
\alignsep@=\dimen140
\tagshift@=\dimen141
\tagwidth@=\dimen142
\totwidth@=\dimen143
\lineht@=\dimen144
\@envbody=\toks23
\multlinegap=\skip65
\multlinetaggap=\skip66
\mathdisplay@stack=\toks24
LaTeX Info: Redefining \[ on input line 2735.
LaTeX Info: Redefining \] on input line 2736.
)
(/usr/share/texlive/texmf-dist/tex/latex/graphics/graphicx.sty
Package: graphicx 2014/10/28 v1.0g Enhanced LaTeX Graphics (DPC,SPQR)

(/usr/share/texlive/texmf-dist/tex/latex/graphics/graphics.sty
Package: graphics 2016/01/03 v1.0q Standard LaTeX Graphics (DPC,SPQR)

(/usr/share/texlive/texmf-dist/tex/latex/graphics/trig.sty
Package: trig 2016/01/03 v1.10 sin cos tan (DPC)
)
(/usr/share/texlive/texmf-dist/tex/latex/latexconfig/graphics.cfg
File: graphics.cfg 2010/04/23 v1.9 graphics configuration of TeX Live
)
Package graphics Info: Driver file: pdftex.def on input line 95.

(/usr/share/texlive/texmf-dist/tex/latex/pdftex-def/pdftex.def
File: pdftex.def 2011/05/27 v0.06d Graphics/color for pdfTeX

(/usr/share/texlive/texmf-dist/tex/generic/oberdiek/infwarerr.sty
Package: infwarerr 2010/04/08 v1.3 Providing info/warning/error messages (HO)
)
(/usr/share/texlive/texmf-dist/tex/generic/oberdiek/ltxcmds.sty
Package: ltxcmds 2011/11/09 v1.22 LaTeX kernel commands for general use (HO)
)
\Gread@gobject=\count115
))
\Gin@req@height=\dimen145
\Gin@req@width=\dimen146
)
(/usr/share/texlive/texmf-dist/tex/latex/doublestroke/dsfont.sty
Package: dsfont 1995/08/01 v0.1 Double stroke roman fonts
)
(/usr/share/texlive/texmf-dist/tex/latex/oberdiek/epstopdf.sty
Package: epstopdf 2010/02/09 v2.5 Conversion with epstopdf on the fly (HO)

(/usr/share/texlive/texmf-dist/tex/latex/oberdiek/epstopdf-base.sty
Package: epstopdf-base 2010/02/09 v2.5 Base part for package epstopdf

(/usr/share/texlive/texmf-dist/tex/latex/oberdiek/grfext.sty
Package: grfext 2010/08/19 v1.1 Manage graphics extensions (HO)

(/usr/share/texlive/texmf-dist/tex/generic/oberdiek/kvdefinekeys.sty
Package: kvdefinekeys 2011/04/07 v1.3 Define keys (HO)
))
(/usr/share/texlive/texmf-dist/tex/latex/oberdiek/kvoptions.sty
Package: kvoptions 2011/06/30 v3.11 Key value format for package options (HO)

(/usr/share/texlive/texmf-dist/tex/generic/oberdiek/kvsetkeys.sty
Package: kvsetkeys 2012/04/25 v1.16 Key value parser (HO)

(/usr/share/texlive/texmf-dist/tex/generic/oberdiek/etexcmds.sty
Package: etexcmds 2011/02/16 v1.5 Avoid name clashes with e-TeX commands (HO)

(/usr/share/texlive/texmf-dist/tex/generic/oberdiek/ifluatex.sty
Package: ifluatex 2010/03/01 v1.3 Provides the ifluatex switch (HO)
Package ifluatex Info: LuaTeX not detected.
)
Package etexcmds Info: Could not find \expanded.
(etexcmds)             That can mean that you are not using pdfTeX 1.50 or
(etexcmds)             that some package has redefined \expanded.
(etexcmds)             In the latter case, load this package earlier.
)))
(/usr/share/texlive/texmf-dist/tex/generic/oberdiek/pdftexcmds.sty
Package: pdftexcmds 2011/11/29 v0.20 Utility functions of pdfTeX for LuaTeX (HO
)
Package pdftexcmds Info: LuaTeX not detected.
Package pdftexcmds Info: \pdf@primitive is available.
Package pdftexcmds Info: \pdf@ifprimitive is available.
Package pdftexcmds Info: \pdfdraftmode found.
)
Package grfext Info: Graphics extension search list:
(grfext)             [.png,.pdf,.jpg,.mps,.jpeg,.jbig2,.jb2,.PNG,.PDF,.JPG,.JPE
G,.JBIG2,.JB2,.eps]
(grfext)             \AppendGraphicsExtensions on input line 452.

(/usr/share/texlive/texmf-dist/tex/latex/latexconfig/epstopdf-sys.cfg
File: epstopdf-sys.cfg 2010/07/13 v1.3 Configuration of (r)epstopdf for TeX Liv
e
)))
(/usr/share/texlive/texmf-dist/tex/latex/hyperref/backref.sty
Package: backref 2012/07/25 v1.38 Bibliographical back referencing

(/usr/share/texlive/texmf-dist/tex/latex/oberdiek/rerunfilecheck.sty
Package: rerunfilecheck 2011/04/15 v1.7 Rerun checks for auxiliary files (HO)

(/usr/share/texlive/texmf-dist/tex/latex/oberdiek/atveryend.sty
Package: atveryend 2011/06/30 v1.8 Hooks at the very end of document (HO)
Package atveryend Info: \enddocument detected (standard20110627).
)
(/usr/share/texlive/texmf-dist/tex/generic/oberdiek/uniquecounter.sty
Package: uniquecounter 2011/01/30 v1.2 Provide unlimited unique counter (HO)

(/usr/share/texlive/texmf-dist/tex/generic/oberdiek/bigintcalc.sty
Package: bigintcalc 2012/04/08 v1.3 Expandable calculations on big integers (HO
)
))
Package uniquecounter Info: New unique counter `rerunfilecheck' on input line 2
82.
))
(/usr/share/texlive/texmf-dist/tex/latex/base/latexsym.sty
Package: latexsym 1998/08/17 v2.2e Standard LaTeX package (lasy symbols)
\symlasy=\mathgroup4
LaTeX Font Info:    Overwriting symbol font `lasy' in version `bold'
(Font)                  U/lasy/m/n --> U/lasy/b/n on input line 52.
)
(/usr/share/texlive/texmf-dist/tex/latex/hyperref/hyperref.sty
Package: hyperref 2012/11/06 v6.83m Hypertext links for LaTeX

(/usr/share/texlive/texmf-dist/tex/generic/oberdiek/hobsub-hyperref.sty
Package: hobsub-hyperref 2012/05/28 v1.13 Bundle oberdiek, subset hyperref (HO)


(/usr/share/texlive/texmf-dist/tex/generic/oberdiek/hobsub-generic.sty
Package: hobsub-generic 2012/05/28 v1.13 Bundle oberdiek, subset generic (HO)
Package: hobsub 2012/05/28 v1.13 Construct package bundles (HO)
Package hobsub Info: Skipping package `infwarerr' (already loaded).
Package hobsub Info: Skipping package `ltxcmds' (already loaded).
Package hobsub Info: Skipping package `ifluatex' (already loaded).
Package hobsub Info: Skipping package `ifvtex' (already loaded).
Package: intcalc 2007/09/27 v1.1 Expandable calculations with integers (HO)
Package hobsub Info: Skipping package `ifpdf' (already loaded).
Package hobsub Info: Skipping package `etexcmds' (already loaded).
Package hobsub Info: Skipping package `kvsetkeys' (already loaded).
Package hobsub Info: Skipping package `kvdefinekeys' (already loaded).
Package hobsub Info: Skipping package `pdftexcmds' (already loaded).
Package: pdfescape 2011/11/25 v1.13 Implements pdfTeX's escape features (HO)
Package hobsub Info: Skipping package `bigintcalc' (already loaded).
Package: bitset 2011/01/30 v1.1 Handle bit-vector datatype (HO)
Package hobsub Info: Skipping package `uniquecounter' (already loaded).
)
Package hobsub Info: Skipping package `hobsub' (already loaded).
Package: letltxmacro 2010/09/02 v1.4 Let assignment for LaTeX macros (HO)
Package: hopatch 2012/05/28 v1.2 Wrapper for package hooks (HO)
Package: xcolor-patch 2011/01/30 xcolor patch
Package hobsub Info: Skipping package `atveryend' (already loaded).
Package: atbegshi 2011/10/05 v1.16 At begin shipout hook (HO)
Package: refcount 2011/10/16 v3.4 Data extraction from label references (HO)
Package: hycolor 2011/01/30 v1.7 Color options for hyperref/bookmark (HO)
)
(/usr/share/texlive/texmf-dist/tex/latex/oberdiek/auxhook.sty
Package: auxhook 2011/03/04 v1.3 Hooks for auxiliary files (HO)
)
\@linkdim=\dimen147
\Hy@linkcounter=\count116
\Hy@pagecounter=\count117

(/usr/share/texlive/texmf-dist/tex/latex/hyperref/pd1enc.def
File: pd1enc.def 2012/11/06 v6.83m Hyperref: PDFDocEncoding definition (HO)
)
\Hy@SavedSpaceFactor=\count118

(/usr/share/texlive/texmf-dist/tex/latex/latexconfig/hyperref.cfg
File: hyperref.cfg 2002/06/06 v1.2 hyperref configuration of TeXLive
)
Package hyperref Info: Option `hypertexnames' set `false' on input line 4319.
Package hyperref Info: Option `colorlinks' set `true' on input line 4319.
Package hyperref Info: Hyper figures OFF on input line 4443.
Package hyperref Info: Link nesting OFF on input line 4448.
Package hyperref Info: Hyper index ON on input line 4451.
Package hyperref Info: Plain pages OFF on input line 4458.
Package hyperref Info: Backreferencing ON on input line 4461.
Package hyperref Info: Implicit mode ON; LaTeX internals redefined.
Package hyperref Info: Bookmarks ON on input line 4688.
\c@Hy@tempcnt=\count119
LaTeX Info: Redefining \url on input line 5041.
\XeTeXLinkMargin=\dimen148
\Fld@menulength=\count120
\Field@Width=\dimen149
\Fld@charsize=\dimen150
Package hyperref Info: Hyper figures OFF on input line 6295.
Package hyperref Info: Link nesting OFF on input line 6300.
Package hyperref Info: Hyper index ON on input line 6303.
Package hyperref Info: backreferencing ON on input line 6308.
Package hyperref Info: Link coloring ON on input line 6313.
Package hyperref Info: Link coloring with OCG OFF on input line 6320.
Package hyperref Info: PDF/A mode OFF on input line 6325.
LaTeX Info: Redefining \ref on input line 6365.
LaTeX Info: Redefining \pageref on input line 6369.
\Hy@abspage=\count121
\c@Item=\count122
\c@Hfootnote=\count123
)

Package hyperref Message: Driver: hpdftex.

(/usr/share/texlive/texmf-dist/tex/latex/hyperref/hpdftex.def
File: hpdftex.def 2012/11/06 v6.83m Hyperref driver for pdfTeX
\Fld@listcount=\count124
\c@bookmark@seq@number=\count125
\Hy@SectionHShift=\skip67
)
Package hyperref Info: Option `bookmarksnumbered' set `true' on input line 47.
Package hyperref Info: Option `bookmarksopen' set `true' on input line 47.
Package hyperref Info: Option `colorlinks' set `true' on input line 47.

(/usr/share/texlive/texmf-dist/tex/latex/oberdiek/hypcap.sty
Package: hypcap 2011/02/16 v1.11 Adjusting the anchors of captions (HO)
)) (./notation.tex) (/usr/share/texlive/texmf-dist/tex/latex/base/textcomp.sty
Package: textcomp 2005/09/27 v1.99g Standard LaTeX package
Package textcomp Info: Sub-encoding information:
(textcomp)               5 = only ISO-Adobe without \textcurrency
(textcomp)               4 = 5 + \texteuro
(textcomp)               3 = 4 + \textohm
(textcomp)               2 = 3 + \textestimated + \textcurrency
(textcomp)               1 = TS1 - \textcircled - \t
(textcomp)               0 = TS1 (full)
(textcomp)             Font families with sub-encoding setting implement
(textcomp)             only a restricted character set as indicated.
(textcomp)             Family '?' is the default used for unknown fonts.
(textcomp)             See the documentation for details.
Package textcomp Info: Setting ? sub-encoding to TS1/1 on input line 79.

(/usr/share/texlive/texmf-dist/tex/latex/base/ts1enc.def
File: ts1enc.def 2001/06/05 v3.0e (jk/car/fm) Standard LaTeX file
)
LaTeX Info: Redefining \oldstylenums on input line 334.
Package textcomp Info: Setting cmr sub-encoding to TS1/0 on input line 349.
Package textcomp Info: Setting cmss sub-encoding to TS1/0 on input line 350.
Package textcomp Info: Setting cmtt sub-encoding to TS1/0 on input line 351.
Package textcomp Info: Setting cmvtt sub-encoding to TS1/0 on input line 352.
Package textcomp Info: Setting cmbr sub-encoding to TS1/0 on input line 353.
Package textcomp Info: Setting cmtl sub-encoding to TS1/0 on input line 354.
Package textcomp Info: Setting ccr sub-encoding to TS1/0 on input line 355.
Package textcomp Info: Setting ptm sub-encoding to TS1/4 on input line 356.
Package textcomp Info: Setting pcr sub-encoding to TS1/4 on input line 357.
Package textcomp Info: Setting phv sub-encoding to TS1/4 on input line 358.
Package textcomp Info: Setting ppl sub-encoding to TS1/3 on input line 359.
Package textcomp Info: Setting pag sub-encoding to TS1/4 on input line 360.
Package textcomp Info: Setting pbk sub-encoding to TS1/4 on input line 361.
Package textcomp Info: Setting pnc sub-encoding to TS1/4 on input line 362.
Package textcomp Info: Setting pzc sub-encoding to TS1/4 on input line 363.
Package textcomp Info: Setting bch sub-encoding to TS1/4 on input line 364.
Package textcomp Info: Setting put sub-encoding to TS1/5 on input line 365.
Package textcomp Info: Setting uag sub-encoding to TS1/5 on input line 366.
Package textcomp Info: Setting ugq sub-encoding to TS1/5 on input line 367.
Package textcomp Info: Setting ul8 sub-encoding to TS1/4 on input line 368.
Package textcomp Info: Setting ul9 sub-encoding to TS1/4 on input line 369.
Package textcomp Info: Setting augie sub-encoding to TS1/5 on input line 370.
Package textcomp Info: Setting dayrom sub-encoding to TS1/3 on input line 371.
Package textcomp Info: Setting dayroms sub-encoding to TS1/3 on input line 372.

Package textcomp Info: Setting pxr sub-encoding to TS1/0 on input line 373.
Package textcomp Info: Setting pxss sub-encoding to TS1/0 on input line 374.
Package textcomp Info: Setting pxtt sub-encoding to TS1/0 on input line 375.
Package textcomp Info: Setting txr sub-encoding to TS1/0 on input line 376.
Package textcomp Info: Setting txss sub-encoding to TS1/0 on input line 377.
Package textcomp Info: Setting txtt sub-encoding to TS1/0 on input line 378.
Package textcomp Info: Setting lmr sub-encoding to TS1/0 on input line 379.
Package textcomp Info: Setting lmdh sub-encoding to TS1/0 on input line 380.
Package textcomp Info: Setting lmss sub-encoding to TS1/0 on input line 381.
Package textcomp Info: Setting lmssq sub-encoding to TS1/0 on input line 382.
Package textcomp Info: Setting lmvtt sub-encoding to TS1/0 on input line 383.
Package textcomp Info: Setting lmtt sub-encoding to TS1/0 on input line 384.
Package textcomp Info: Setting qhv sub-encoding to TS1/0 on input line 385.
Package textcomp Info: Setting qag sub-encoding to TS1/0 on input line 386.
Package textcomp Info: Setting qbk sub-encoding to TS1/0 on input line 387.
Package textcomp Info: Setting qcr sub-encoding to TS1/0 on input line 388.
Package textcomp Info: Setting qcs sub-encoding to TS1/0 on input line 389.
Package textcomp Info: Setting qpl sub-encoding to TS1/0 on input line 390.
Package textcomp Info: Setting qtm sub-encoding to TS1/0 on input line 391.
Package textcomp Info: Setting qzc sub-encoding to TS1/0 on input line 392.
Package textcomp Info: Setting qhvc sub-encoding to TS1/0 on input line 393.
Package textcomp Info: Setting futs sub-encoding to TS1/4 on input line 394.
Package textcomp Info: Setting futx sub-encoding to TS1/4 on input line 395.
Package textcomp Info: Setting futj sub-encoding to TS1/4 on input line 396.
Package textcomp Info: Setting hlh sub-encoding to TS1/3 on input line 397.
Package textcomp Info: Setting hls sub-encoding to TS1/3 on input line 398.
Package textcomp Info: Setting hlst sub-encoding to TS1/3 on input line 399.
Package textcomp Info: Setting hlct sub-encoding to TS1/5 on input line 400.
Package textcomp Info: Setting hlx sub-encoding to TS1/5 on input line 401.
Package textcomp Info: Setting hlce sub-encoding to TS1/5 on input line 402.
Package textcomp Info: Setting hlcn sub-encoding to TS1/5 on input line 403.
Package textcomp Info: Setting hlcw sub-encoding to TS1/5 on input line 404.
Package textcomp Info: Setting hlcf sub-encoding to TS1/5 on input line 405.
Package textcomp Info: Setting pplx sub-encoding to TS1/3 on input line 406.
Package textcomp Info: Setting pplj sub-encoding to TS1/3 on input line 407.
Package textcomp Info: Setting ptmx sub-encoding to TS1/4 on input line 408.
Package textcomp Info: Setting ptmj sub-encoding to TS1/4 on input line 409.
)
(/usr/share/texlive/texmf-dist/tex/latex/enumitem/enumitem.sty
Package: enumitem 2011/09/28 v3.5.2 Customized lists
\labelindent=\skip68
\enit@outerparindent=\dimen151
\enit@toks=\toks25
\enit@inbox=\box33
\enitdp@description=\count126
)
(/usr/share/texlive/texmf-dist/tex/latex/amsfonts/amsfonts.sty
Package: amsfonts 2013/01/14 v3.01 Basic AMSFonts support
\symAMSa=\mathgroup5
\symAMSb=\mathgroup6
LaTeX Font Info:    Overwriting math alphabet `\mathfrak' in version `bold'
(Font)                  U/euf/m/n --> U/euf/b/n on input line 106.
)
(/usr/share/texlive/texmf-dist/tex/latex/wrapfig/wrapfig.sty
\wrapoverhang=\dimen152
\WF@size=\dimen153
\c@WF@wrappedlines=\count127
\WF@box=\box34
\WF@everypar=\toks26
Package: wrapfig 2003/01/31  v 3.6
)
(/usr/share/texlive/texmf-dist/tex/latex/xcolor/xcolor.sty
Package: xcolor 2007/01/21 v2.11 LaTeX color extensions (UK)

(/usr/share/texlive/texmf-dist/tex/latex/latexconfig/color.cfg
File: color.cfg 2007/01/18 v1.5 color configuration of teTeX/TeXLive
)
Package xcolor Info: Driver file: pdftex.def on input line 225.

(/usr/share/texlive/texmf-dist/tex/latex/colortbl/colortbl.sty
Package: colortbl 2012/02/13 v1.0a Color table columns (DPC)
\everycr=\toks27
\minrowclearance=\skip69
)
\rownum=\count128
Package xcolor Info: Model `cmy' substituted by `cmy0' on input line 1337.
Package xcolor Info: Model `hsb' substituted by `rgb' on input line 1341.
Package xcolor Info: Model `RGB' extended on input line 1353.
Package xcolor Info: Model `HTML' substituted by `rgb' on input line 1355.
Package xcolor Info: Model `Hsb' substituted by `hsb' on input line 1356.
Package xcolor Info: Model `tHsb' substituted by `hsb' on input line 1357.
Package xcolor Info: Model `HSB' substituted by `hsb' on input line 1358.
Package xcolor Info: Model `Gray' substituted by `gray' on input line 1359.
Package xcolor Info: Model `wave' substituted by `hsb' on input line 1360.
)
(/usr/share/texlive/texmf-dist/tex/latex/amsfonts/amssymb.sty
Package: amssymb 2013/01/14 v3.01 AMS font symbols
)
(/usr/share/texlive/texmf-dist/tex/latex/placeins/placeins.sty
Package: placeins 2005/04/18  v 2.2
)
(/usr/share/texlive/texmf-dist/tex/latex/setspace/setspace.sty
Package: setspace 2011/12/19 v6.7a set line spacing
)
(/usr/share/texlive/texmf-dist/tex/latex/algorithm2e/algorithm2e.sty
Package: algorithm2e 2013/01/06 v5.00 algorithms environments
\c@AlgoLine=\count129

(/usr/share/texlive/texmf-dist/tex/latex/base/ifthen.sty
Package: ifthen 2014/09/29 v1.1c Standard LaTeX ifthen package (DPC)
)
\algocf@hangindent=\skip70

(/usr/share/texlive/texmf-dist/tex/latex/tools/xspace.sty
Package: xspace 2014/10/28 v1.13 Space after command names (DPC,MH)
)
(/usr/share/texlive/texmf-dist/tex/latex/relsize/relsize.sty
Package: relsize 2013/03/29 ver 4.1
)
********************************************************
Package `algorithm2e' Release 5.1 -- october 19 2015 --
- algorithm2e-announce@lirmm.fr mailing list for announcement about releases
- algorithm2e-discussion@lirmm.fr mailing list for discussion about package
subscribe by emailing sympa@lirmm.fr with 'subscribe <list> <firstname name>'
- Author: Christophe Fiorio (christophe.fiorio@umontpellier.fr)
********************************************************
\skiptotal=\skip71
\skiplinenumber=\skip72
\skiprule=\skip73
\skiphlne=\skip74
\skiptext=\skip75
\skiplength=\skip76
\algomargin=\skip77
\skipalgocfslide=\skip78
\algowidth=\dimen154
\inoutsize=\dimen155
\inoutindent=\dimen156
\interspacetitleruled=\dimen157
\interspacealgoruled=\dimen158
\interspacetitleboxruled=\dimen159
\algocf@ruledwidth=\skip79
\algocf@inoutbox=\box35
\algocf@inputbox=\box36
\AlCapSkip=\skip80
\AlCapHSkip=\skip81
\algoskipindent=\skip82
\algocf@nlbox=\box37
\algocf@hangingbox=\box38
\algocf@untilbox=\box39
\algocf@skipuntil=\skip83
\algocf@capbox=\box40
\algoheightruledefault=\skip84
\algoheightrule=\skip85
\algotitleheightruledefault=\skip86
\algotitleheightrule=\skip87
\c@algocfline=\count130
\c@algocfproc=\count131
\c@algocf=\count132
\algocf@algoframe=\box41
\algocf@algobox=\box42
) (./main.aux

LaTeX Warning: Label `rnn_unrolled' multiply defined.


LaTeX Warning: Label `forget_gate' multiply defined.


LaTeX Warning: Label `forget_gate' multiply defined.


LaTeX Warning: Label `alg:weights' multiply defined.


LaTeX Warning: Label `alg:weights' multiply defined.


LaTeX Warning: Label `check__depth_eq2' multiply defined.


LaTeX Warning: Label `total_network_architecture' multiply defined.


LaTeX Warning: Label `alg:weights' multiply defined.


LaTeX Warning: Label `alg:weights' multiply defined.


LaTeX Warning: Label `alg:weights' multiply defined.


LaTeX Warning: Label `alg:weights' multiply defined.

)
\openout1 = `main.aux'.

LaTeX Font Info:    Checking defaults for OML/cmm/m/it on input line 41.
LaTeX Font Info:    ... okay on input line 41.
LaTeX Font Info:    Checking defaults for T1/cmr/m/n on input line 41.
LaTeX Font Info:    ... okay on input line 41.
LaTeX Font Info:    Checking defaults for OT1/cmr/m/n on input line 41.
LaTeX Font Info:    ... okay on input line 41.
LaTeX Font Info:    Checking defaults for OMS/cmsy/m/n on input line 41.
LaTeX Font Info:    ... okay on input line 41.
LaTeX Font Info:    Checking defaults for OMX/cmex/m/n on input line 41.
LaTeX Font Info:    ... okay on input line 41.
LaTeX Font Info:    Checking defaults for U/cmr/m/n on input line 41.
LaTeX Font Info:    ... okay on input line 41.
LaTeX Font Info:    Checking defaults for PD1/pdf/m/n on input line 41.
LaTeX Font Info:    ... okay on input line 41.
LaTeX Font Info:    Checking defaults for TS1/cmr/m/n on input line 41.
LaTeX Font Info:    Try loading font information for TS1+cmr on input line 41.
 (/usr/share/texlive/texmf-dist/tex/latex/base/ts1cmr.fd
File: ts1cmr.fd 2014/09/29 v2.5h Standard LaTeX font definitions
)
LaTeX Font Info:    ... okay on input line 41.
LaTeX Font Info:    Try loading font information for OT1+bch on input line 41.

(/usr/share/texlive/texmf-dist/tex/latex/psnfss/ot1bch.fd
File: ot1bch.fd 2004/10/18 font definitions for OT1/bch.
)
*geometry* driver: auto-detecting
*geometry* detected driver: pdftex
*geometry* verbose mode - [ preamble ] result:
* driver: pdftex
* paper: a4paper
* layout: <same size as paper>
* layoutoffset:(h,v)=(0.0pt,0.0pt)
* modes: includehead includefoot twoside 
* h-part:(L,W,R)=(79.6678pt, 438.17227pt, 79.6678pt)
* v-part:(T,H,B)=(56.9055pt, 731.23584pt, 56.9055pt)
* \paperwidth=597.50787pt
* \paperheight=845.04684pt
* \textwidth=438.17227pt
* \textheight=664.23584pt
* \oddsidemargin=7.39781pt
* \evensidemargin=7.39781pt
* \topmargin=-15.36449pt
* \headheight=14.5pt
* \headsep=25.0pt
* \topskip=11.0pt
* \footskip=30.0pt
* \marginparwidth=113.0pt
* \marginparsep=10.0pt
* \columnsep=10.0pt
* \skip\footins=10.0pt plus 4.0pt minus 2.0pt
* \hoffset=0.0pt
* \voffset=0.0pt
* \mag=1000
* \@twocolumnfalse
* \@twosidetrue
* \@mparswitchtrue
* \@reversemarginfalse
* (1in=72.27pt=25.4mm, 1cm=28.453pt)

Package caption Info: Begin \AtBeginDocument code.
Package caption Info: hyperref package is loaded.
Package caption Info: hypcap package is loaded.
Package caption Info: wrapfig package is loaded.
Package caption Info: End \AtBeginDocument code.
(/usr/share/texlive/texmf-dist/tex/context/base/supp-pdf.mkii
[Loading MPS to PDF converter (version 2006.09.02).]
\scratchcounter=\count133
\scratchdimen=\dimen160
\scratchbox=\box43
\nofMPsegments=\count134
\nofMParguments=\count135
\everyMPshowfont=\toks28
\MPscratchCnt=\count136
\MPscratchDim=\dimen161
\MPnumerator=\count137
\makeMPintoPDFobject=\count138
\everyMPtoPDFconversion=\toks29
)
\AtBeginShipoutBox=\box44
Package hyperref Info: Link coloring ON on input line 41.
 (/usr/share/texlive/texmf-dist/tex/latex/hyperref/nameref.sty
Package: nameref 2012/10/27 v2.43 Cross-referencing by name of section

(/usr/share/texlive/texmf-dist/tex/generic/oberdiek/gettitlestring.sty
Package: gettitlestring 2010/12/03 v1.4 Cleanup title references (HO)
)
\c@section@level=\count139
)
LaTeX Info: Redefining \ref on input line 41.
LaTeX Info: Redefining \pageref on input line 41.
LaTeX Info: Redefining \nameref on input line 41.

(./main.out) (./main.out)
\@outlinefile=\write3
\openout3 = `main.out'.

 (./titlepage.tex
<./figures/imperial.pdf, id=180, 362.35374pt x 95.35625pt>
File: ./figures/imperial.pdf Graphic file (type pdf)

<use ./figures/imperial.pdf>
Package pdftex.def Info: ./figures/imperial.pdf used on input line 11.
(pdftex.def)             Requested size: 113.81102pt x 29.95006pt.

Underfull \hbox (badness 10000) in paragraph at lines 11--12

 []

LaTeX Font Info:    Font shape `OT1/bch/bx/n' in size <20.74> not available
(Font)              Font shape `OT1/bch/b/n' tried instead on input line 27.
LaTeX Font Info:    Try loading font information for U+lasy on input line 39.
(/usr/share/texlive/texmf-dist/tex/latex/base/ulasy.fd
File: ulasy.fd 1998/08/17 v2.2e LaTeX symbol font definitions
)
LaTeX Font Info:    Try loading font information for U+msa on input line 39.

(/usr/share/texlive/texmf-dist/tex/latex/amsfonts/umsa.fd
File: umsa.fd 2013/01/14 v3.01 AMS symbols A
)
LaTeX Font Info:    Try loading font information for U+msb on input line 39.

(/usr/share/texlive/texmf-dist/tex/latex/amsfonts/umsb.fd
File: umsb.fd 2013/01/14 v3.01 AMS symbols B
) [1

{/var/lib/texmf/fonts/map/pdftex/updmap/pdftex.map} <./figures/imperial.pdf>])
LaTeX Font Info:    Font shape `OT1/bch/bx/n' in size <10.95> not available
(Font)              Font shape `OT1/bch/b/n' tried instead on input line 54.
 [1


] [2

]
LaTeX Font Info:    Font shape `OT1/bch/bx/n' in size <14.4> not available
(Font)              Font shape `OT1/bch/b/n' tried instead on input line 60.
 [3]
[4


]
LaTeX Font Info:    Font shape `OT1/bch/bx/n' in size <24.88> not available
(Font)              Font shape `OT1/bch/b/n' tried instead on input line 68.
 (./main.toc [5

])
\tf@toc=\write4
\openout4 = `main.toc'.

 [6]
Chapter 1.

Underfull \hbox (badness 10000) in paragraph at lines 83--86

 []

[1



]
Chapter 2.
LaTeX Font Info:    Font shape `OT1/bch/bx/n' in size <12> not available
(Font)              Font shape `OT1/bch/b/n' tried instead on input line 94.

Underfull \hbox (badness 10000) in paragraph at lines 95--98

 []


Underfull \hbox (badness 10000) in paragraph at lines 100--103

 []

[2

] <./figures/neural_net2.jpeg, id=289, 793.96625pt x 389.455pt>
File: ./figures/neural_net2.jpeg Graphic file (type jpg)

<use ./figures/neural_net2.jpeg>
Package pdftex.def Info: ./figures/neural_net2.jpeg used on input line 105.
(pdftex.def)             Requested size: 219.08614pt x 107.46591pt.

<./figures/cnn.jpeg, id=290, 571.13374pt x 202.7575pt>
File: ./figures/cnn.jpeg Graphic file (type jpg)

<use ./figures/cnn.jpeg>
Package pdftex.def Info: ./figures/cnn.jpeg used on input line 106.
(pdftex.def)             Requested size: 219.08614pt x 77.7757pt.

Overfull \hbox (2.31044pt too wide) in paragraph at lines 105--107
[][] [] 
 []

LaTeX Font Info:    Font shape `OT1/bch/bx/n' in size <10> not available
(Font)              Font shape `OT1/bch/b/n' tried instead on input line 107.
<./figures/conv_filter.jpg, id=296, 702.625pt x 327.2225pt>
File: ./figures/conv_filter.jpg Graphic file (type jpg)

<use ./figures/conv_filter.jpg>
Package pdftex.def Info: ./figures/conv_filter.jpg used on input line 115.
(pdftex.def)             Requested size: 219.08614pt x 102.03209pt.

<./figures/maxpool.jpeg, id=297, 789.95125pt x 369.38pt>
File: ./figures/maxpool.jpeg Graphic file (type jpg)

<use ./figures/maxpool.jpeg>
Package pdftex.def Info: ./figures/maxpool.jpeg used on input line 116.
(pdftex.def)             Requested size: 219.08614pt x 102.44498pt.

Overfull \hbox (2.31044pt too wide) in paragraph at lines 115--117
[][] [] 
 []


Underfull \hbox (badness 10000) in paragraph at lines 122--125

 []

[3 <./figures/neural_net2.jpeg> <./figures/cnn.jpeg> <./figures/conv_filter.jpg
> <./figures/maxpool.jpeg>]
Underfull \hbox (badness 10000) in paragraph at lines 127--130

 []


Underfull \hbox (badness 10000) in paragraph at lines 133--136

 []

<./figures/region_prop.png, id=324, 1190.4475pt x 335.2525pt>
File: ./figures/region_prop.png Graphic file (type png)

<use ./figures/region_prop.png>
Package pdftex.def Info: ./figures/region_prop.png used on input line 138.
(pdftex.def)             Requested size: 438.17227pt x 123.39691pt.


LaTeX Warning: `!h' float specifier changed to `!ht'.


Underfull \hbox (badness 10000) in paragraph at lines 147--150

 []

[4] <./figures/arch.pdf, id=349, 963.6pt x 542.025pt>
File: ./figures/arch.pdf Graphic file (type pdf)
 <use ./figures/arch.pdf>
Package pdftex.def Info: ./figures/arch.pdf used on input line 176.
(pdftex.def)             Requested size: 438.17227pt x 162.65692pt.


LaTeX Warning: `!h' float specifier changed to `!ht'.

[5 <./figures/region_prop.png>]
<./figures/faster.png, id=372, 1606.0pt x 1206.5075pt>
File: ./figures/faster.png Graphic file (type png)

<use ./figures/faster.png>
Package pdftex.def Info: ./figures/faster.png used on input line 188.
(pdftex.def)             Requested size: 197.17618pt x 148.12523pt.

<./figures/rpn_faster.jpg, id=373, 1971.365pt x 1407.2575pt>
File: ./figures/rpn_faster.jpg Graphic file (type jpg)

<use ./figures/rpn_faster.jpg>
Package pdftex.def Info: ./figures/rpn_faster.jpg used on input line 189.
(pdftex.def)             Requested size: 197.17618pt x 140.734pt.

Underfull \hbox (badness 10000) in paragraph at lines 194--197

 []

[6 <./figures/arch.pdf> <./figures/faster.png> <./figures/rpn_faster.jpg>]
Underfull \hbox (badness 10000) in paragraph at lines 215--218

 []

<./figures/image_seg1.png, id=421, 2047.65pt x 1019.81pt>
File: ./figures/image_seg1.png Graphic file (type png)

<use ./figures/image_seg1.png>
Package pdftex.def Info: ./figures/image_seg1.png used on input line 223.
(pdftex.def)             Requested size: 219.08614pt x 109.09836pt.

<./figures/sem_im_seg1.jpg, id=422, 366.36874pt x 201.75375pt>
File: ./figures/sem_im_seg1.jpg Graphic file (type jpg)

<use ./figures/sem_im_seg1.jpg>
Package pdftex.def Info: ./figures/sem_im_seg1.jpg used on input line 224.
(pdftex.def)             Requested size: 219.08614pt x 120.64989pt.

Overfull \hbox (2.31044pt too wide) in paragraph at lines 223--225
[][] [] 
 []


LaTeX Warning: `!h' float specifier changed to `!ht'.


Underfull \hbox (badness 10000) in paragraph at lines 229--234

 []


Underfull \hbox (badness 10000) in paragraph at lines 229--234

 []

[7]
Underfull \hbox (badness 10000) in paragraph at lines 238--240

 []


Underfull \hbox (badness 10000) in paragraph at lines 238--240

 []

[8 <./figures/image_seg1.png> <./figures/sem_im_seg1.jpg>]
<./figures/mask_arch.jpg, id=456, 752.8125pt x 232.87pt>
File: ./figures/mask_arch.jpg Graphic file (type jpg)

<use ./figures/mask_arch.jpg>
Package pdftex.def Info: ./figures/mask_arch.jpg used on input line 242.
(pdftex.def)             Requested size: 438.17227pt x 135.54437pt.

Underfull \hbox (badness 10000) in paragraph at lines 241--250

 []


Underfull \hbox (badness 10000) in paragraph at lines 256--259

 []

[9 <./figures/mask_arch.jpg>]
<./figures/RNN-unrolled.png, id=473, 977.8131pt x 256.91985pt>
File: ./figures/RNN-unrolled.png Graphic file (type png)

<use ./figures/RNN-unrolled.png>
Package pdftex.def Info: ./figures/RNN-unrolled.png used on input line 266.
(pdftex.def)             Requested size: 438.17227pt x 115.13066pt.

<./figures/LSTM3-chain.png, id=477, 806.89455pt x 303.17265pt>
File: ./figures/LSTM3-chain.png Graphic file (type png)

<use ./figures/LSTM3-chain.png>
Package pdftex.def Info: ./figures/LSTM3-chain.png used on input line 277.
(pdftex.def)             Requested size: 438.17227pt x 164.63599pt.
 [10 <./figures/RNN-unrolled.png> <./figures/LSTM3-chain.png>] [11]
<./figures/Matern_Kernel.png, id=513, 1621.05624pt x 803.0pt>
File: ./figures/Matern_Kernel.png Graphic file (type png)

<use ./figures/Matern_Kernel.png>
Package pdftex.def Info: ./figures/Matern_Kernel.png used on input line 347.
(pdftex.def)             Requested size: 438.17227pt x 217.0457pt.


LaTeX Warning: Command \textunderscore invalid in math mode on input line 390.

[12 <./figures/Matern_Kernel.png>] [13]
<./figures/intel_realsense.jpg, id=540, 500.87125pt x 114.4275pt>
File: ./figures/intel_realsense.jpg Graphic file (type jpg)

<use ./figures/intel_realsense.jpg>
Package pdftex.def Info: ./figures/intel_realsense.jpg used on input line 405.
(pdftex.def)             Requested size: 438.17227pt x 100.1081pt.

<figures/distortion_example.png, id=542, 722.7pt x 277.035pt>
File: figures/distortion_example.png Graphic file (type png)

<use figures/distortion_example.png>
Package pdftex.def Info: figures/distortion_example.png used on input line 415.

(pdftex.def)             Requested size: 438.17227pt x 167.96811pt.


LaTeX Warning: `!h' float specifier changed to `!ht'.

<figures/pinhole_camera_model.png, id=546, 602.25pt x 424.58624pt>
File: figures/pinhole_camera_model.png Graphic file (type png)

<use figures/pinhole_camera_model.png>
Package pdftex.def Info: figures/pinhole_camera_model.png used on input line 44
7.
(pdftex.def)             Requested size: 438.17227pt x 308.92175pt.
 [14 <./figures/intel_realsense.jpg>]
[15 <./figures/distortion_example.png> <./figures/pinhole_camera_model.png>]
<figures/world_to_cam.jpg, id=567, 181.3977pt x 95.3964pt>
File: figures/world_to_cam.jpg Graphic file (type jpg)

<use figures/world_to_cam.jpg>
Package pdftex.def Info: figures/world_to_cam.jpg used on input line 510.
(pdftex.def)             Requested size: 219.08614pt x 115.22034pt.

<figures/quaternions.png, id=568, 472.76625pt x 394.47375pt>
File: figures/quaternions.png Graphic file (type png)

<use figures/quaternions.png>
Package pdftex.def Info: figures/quaternions.png used on input line 511.
(pdftex.def)             Requested size: 153.36296pt x 127.9677pt.
 [16 <./figures/world_to_cam.jpg> <./figures/quaternions.png>]

LaTeX Warning: Reference `quat_delta' on page 17 undefined on input line 642.

[17] [18]
Underfull \hbox (badness 10000) in paragraph at lines 665--667

 []


Underfull \hbox (badness 10000) in paragraph at lines 668--669

 []


Underfull \hbox (badness 10000) in paragraph at lines 668--669

 []


<figures/convergence_landmark_uncertainty.png, id=619, 334.24875pt x 260.975pt>
File: figures/convergence_landmark_uncertainty.png Graphic file (type png)
<use figures/convergence_landmark_uncertainty.png>
Package pdftex.def Info: figures/convergence_landmark_uncertainty.png used on i
nput line 673.
(pdftex.def)             Requested size: 219.08614pt x 171.06133pt.

<figures/ess_slam.png, id=620, 595.22375pt x 473.77pt>
File: figures/ess_slam.png Graphic file (type png)

<use figures/ess_slam.png>
Package pdftex.def Info: figures/ess_slam.png used on input line 674.
(pdftex.def)             Requested size: 219.08614pt x 174.38129pt.

Overfull \hbox (2.31044pt too wide) in paragraph at lines 673--675
[][] [] 
 []


LaTeX Warning: `!h' float specifier changed to `!ht'.

[19] [20 <./figures/convergence_landmark_uncertainty.png> <./figures/ess_slam.p
ng>] <figures/harris_region.jpg, id=648, 433.62pt x 417.56pt>
File: figures/harris_region.jpg Graphic file (type jpg)

<use figures/harris_region.jpg>
Package pdftex.def Info: figures/harris_region.jpg used on input line 772.
(pdftex.def)             Requested size: 219.08614pt x 210.97125pt.

<figures/harris_result.jpg, id=649, 451.6875pt x 445.665pt>
File: figures/harris_result.jpg Graphic file (type jpg)

<use figures/harris_result.jpg>
Package pdftex.def Info: figures/harris_result.jpg used on input line 773.
(pdftex.def)             Requested size: 197.17618pt x 194.54953pt.

Overfull \hbox (38.02904pt too wide) in paragraph at lines 779--780
\OT1/bch/m/n/10.95 scribe a key-point. When match-ing key-points be-tween im-ag
es a sim-ple, and fast $[] \OML/cmm/m/it/10.95 XOR\OT1/cmr/m/n/10.95 (\OML/cmm/
m/it/10.95 img\OT1/cmr/m/n/10.95 1\OML/cmm/m/it/10.95 ; img\OT1/cmr/m/n/10.95 2
)$
 []

[21 <./figures/harris_region.jpg> <./figures/harris_result.jpg>]
<figures/brisk.jpg, id=663, 470.50781pt x 172.39406pt>
File: figures/brisk.jpg Graphic file (type jpg)
 <use figures/brisk.jpg>
Package pdftex.def Info: figures/brisk.jpg used on input line 782.
(pdftex.def)             Requested size: 306.71924pt x 112.38098pt.

<figures/brisk.png, id=664, 241.65282pt x 237.13594pt>
File: figures/brisk.png Graphic file (type png)
 <use figures/brisk.png>
Package pdftex.def Info: figures/brisk.png used on input line 783.
(pdftex.def)             Requested size: 113.92238pt x 111.79402pt.

[22 <./figures/brisk.jpg> <./figures/brisk.png>]
<figures/circular_shift.png, id=685, 1861.95625pt x 503.8825pt>
File: figures/circular_shift.png Graphic file (type png)

<use figures/circular_shift.png>
Package pdftex.def Info: figures/circular_shift.png used on input line 921.
(pdftex.def)             Requested size: 438.17227pt x 118.57385pt.


LaTeX Warning: `!h' float specifier changed to `!ht'.

[23] [24 <./figures/circular_shift.png>] [25]
Chapter 3.
<figures/software_architecture.png, id=724, 1926.19624pt x 740.7675pt>
File: figures/software_architecture.png Graphic file (type png)

<use figures/software_architecture.png>
Package pdftex.def Info: figures/software_architecture.png used on input line 1
008.
(pdftex.def)             Requested size: 438.17227pt x 168.5079pt.
 [26

 <./figures/software_architecture.png>] <figures/depth_image_1.png, id=732, 642
.4pt x 481.8pt>
File: figures/depth_image_1.png Graphic file (type png)

<use figures/depth_image_1.png>
Package pdftex.def Info: figures/depth_image_1.png used on input line 1029.
(pdftex.def)             Requested size: 219.08614pt x 164.30974pt.

<figures/depth_image_2.png, id=733, 642.4pt x 481.8pt>
File: figures/depth_image_2.png Graphic file (type png)

<use figures/depth_image_2.png>
Package pdftex.def Info: figures/depth_image_2.png used on input line 1030.
(pdftex.def)             Requested size: 219.08614pt x 164.30974pt.

Overfull \hbox (2.31044pt too wide) in paragraph at lines 1029--1031
[][] [] 
 []

<figures/bottle2.jpg, id=736, 481.8pt x 542.025pt>
File: figures/bottle2.jpg Graphic file (type jpg)
 <use figures/bottle2.jpg>
Package pdftex.def Info: figures/bottle2.jpg used on input line 1038.
(pdftex.def)             Requested size: 219.08614pt x 246.47289pt.

<figures/bottle1.jpg, id=737, 481.8pt x 542.025pt>
File: figures/bottle1.jpg Graphic file (type jpg)
 <use figures/bottle1.jpg>
Package pdftex.def Info: figures/bottle1.jpg used on input line 1039.
(pdftex.def)             Requested size: 219.08614pt x 246.47289pt.

Overfull \hbox (2.31044pt too wide) in paragraph at lines 1038--1040
[][] [] 
 []


LaTeX Warning: `!h' float specifier changed to `!ht'.

[27 <./figures/depth_image_1.png (PNG copy)> <./figures/depth_image_2.png (PNG 
copy)>] [28 <./figures/bottle2.jpg> <./figures/bottle1.jpg>] [29]
<figures/roi_match.png, id=767, 1032.85875pt x 318.18875pt>
File: figures/roi_match.png Graphic file (type png)

<use figures/roi_match.png>
Package pdftex.def Info: figures/roi_match.png used on input line 1160.
(pdftex.def)             Requested size: 438.17227pt x 134.98323pt.
 [30 <./figures/roi_match.png>]
Underfull \hbox (badness 10000) in paragraph at lines 1183--1186

 []

[31] [32] [33]

LaTeX Warning: Command \textunderscore invalid in math mode on input line 1370.



LaTeX Warning: Command \textunderscore invalid in math mode on input line 1372.



LaTeX Warning: Command \textunderscore invalid in math mode on input line 1378.



LaTeX Warning: Command \textunderscore invalid in math mode on input line 1382.



LaTeX Warning: Command \textunderscore invalid in math mode on input line 1382.



LaTeX Warning: Command \textunderscore invalid in math mode on input line 1386.



LaTeX Warning: Command \textunderscore invalid in math mode on input line 1390.



LaTeX Warning: Command \textunderscore invalid in math mode on input line 1390.



LaTeX Warning: Command \textunderscore invalid in math mode on input line 1390.


[34] <figures/Networks.png, id=824, 1922.18124pt x 675.52374pt>
File: figures/Networks.png Graphic file (type png)

<use figures/Networks.png>
Package pdftex.def Info: figures/Networks.png used on input line 1435.
(pdftex.def)             Requested size: 438.17227pt x 153.98596pt.


LaTeX Warning: `!h' float specifier changed to `!ht'.


LaTeX Warning: Command \textunderscore invalid in math mode on input line 1441.


[35] <figures/final_model.png, id=839, 1926.19624pt x 702.625pt>
File: figures/final_model.png Graphic file (type png)

<use figures/final_model.png>
Package pdftex.def Info: figures/final_model.png used on input line 1448.
(pdftex.def)             Requested size: 219.08614pt x 79.91566pt.
File: figures/final_model.png Graphic file (type png)
 <use figures/final_model.png>
Package pdftex.def Info: figures/final_model.png used on input line 1449.
(pdftex.def)             Requested size: 219.08614pt x 79.91566pt.

Overfull \hbox (2.31044pt too wide) in paragraph at lines 1448--1450
[][] [] 
 []

File: figures/final_model.png Graphic file (type png)
<use figures/final_model.png>
Package pdftex.def Info: figures/final_model.png used on input line 1460.
(pdftex.def)             Requested size: 438.17227pt x 159.83134pt.


LaTeX Warning: `!h' float specifier changed to `!ht'.

[36 <./figures/Networks.png> <./figures/final_model.png>] [37]
Chapter 4.
[38

]
Chapter 5.

Package hyperref Warning: Difference (2) between bookmark levels is greater 
(hyperref)                than one, level fixed on input line 1493.

Missing character: There is no ‚ in font bchr7t!
Missing character: There is no Ä in font bchr7t!
Missing character: There is no ú in font bchr7t!
Missing character: There is no ‚ in font bchr7t!
Missing character: There is no Ä in font bchr7t!
Missing character: There is no ù in font bchr7t!

Overfull \hbox (9.14763pt too wide) in alignment at lines 1510--1571
 [] [] [] 
 []


Underfull \vbox (badness 10000) detected at line 1571
 []

Missing character: There is no ‚ in font bchr7t!
Missing character: There is no Ä in font bchr7t!
Missing character: There is no ì in font bchr7t!

Overfull \hbox (9.14763pt too wide) in alignment at lines 1571--1632
 [] [] [] 
 []

[39

]
Overfull \hbox (9.14763pt too wide) in alignment at lines 1632--1637
 [] [] [] 
 []

[40] [41]
Chapter 6.
[42

]
Chapter 7.
LaTeX Font Info:    Font shape `OT1/cmtt/bx/n' in size <9> not available
(Font)              Font shape `OT1/cmtt/m/n' tried instead on input line 1676.


LaTeX Warning: Float too large for page by 33.54482pt on input line 1700.


LaTeX Warning: Command \textunderscore invalid in math mode on input line 1709.


(./main.bbl (./main.brf)
\tf@brf=\write5
\openout5 = `main.brf'.

 [43

] [44] [45] [46] [47]
Missing character: There is no ‚ in font bchr7t!
Missing character: There is no Ä in font bchr7t!
Missing character: There is no ò in font bchr7t!
 [48

]
Underfull \hbox (badness 3386) in paragraph at lines 102--102
[]\OT1/bch/m/n/10.95 K. He, G. Gkioxari, P. Doll[]ar, and R. B. Gir-shick, ``Ma
sk R-CNN,'' \OT1/bch/m/it/10.95 CoRR\OT1/bch/m/n/10.95 ,
 []

Missing character: There is no ‚ in font bchr7t!
Missing character: There is no Ä in font bchr7t!
Missing character: There is no ì in font bchr7t!
[49])
Package atveryend Info: Empty hook `BeforeClearDocument' on input line 1807.
 [50]
Package atveryend Info: Empty hook `AfterLastShipout' on input line 1807.
 (./main.aux)
Package atveryend Info: Executing hook `AtVeryEndDocument' on input line 1807.
Package atveryend Info: Executing hook `AtEndAfterFileList' on input line 1807.

Package rerunfilecheck Info: File `main.out' has not changed.
(rerunfilecheck)             Checksum: 34DA9204968FAA2C02F2391F3CA8DFE1;3120.
Package rerunfilecheck Info: File `main.brf' has not changed.
(rerunfilecheck)             Checksum: 4DC4CDBCFAB600CF32DB56330693F1D9;3085.


LaTeX Warning: There were undefined references.


LaTeX Warning: There were multiply-defined labels.

Package atveryend Info: Empty hook `AtVeryVeryEnd' on input line 1807.
 ) 
Here is how much of TeX's memory you used:
 11765 strings out of 493029
 177218 string characters out of 6136235
 297776 words of memory out of 5000000
 14706 multiletter control sequences out of 15000+600000
 49543 words of font info for 100 fonts, out of 8000000 for 9000
 1141 hyphenation exceptions out of 8191
 44i,19n,48p,1177b,626s stack positions out of 5000i,500n,10000p,200000b,80000s
{/usr/share/texlive/texmf-dist/fonts/enc/dvips/base/8r.enc}</usr/share/texliv
e/texmf-dist/fonts/type1/bitstrea/charter/bchb8a.pfb></usr/share/texlive/texmf-
dist/fonts/type1/bitstrea/charter/bchr8a.pfb></usr/share/texlive/texmf-dist/fon
ts/type1/bitstrea/charter/bchr8a.pfb></usr/share/texlive/texmf-dist/fonts/type1
/bitstrea/charter/bchri8a.pfb></usr/share/texlive/texmf-dist/fonts/type1/public
/amsfonts/cm/cmbx10.pfb></usr/share/texlive/texmf-dist/fonts/type1/public/amsfo
nts/cm/cmbx8.pfb></usr/share/texlive/texmf-dist/fonts/type1/public/amsfonts/cm/
cmex10.pfb></usr/share/texlive/texmf-dist/fonts/type1/public/amsfonts/cm/cmmi10
.pfb></usr/share/texlive/texmf-dist/fonts/type1/public/amsfonts/cm/cmmi6.pfb></
usr/share/texlive/texmf-dist/fonts/type1/public/amsfonts/cm/cmmi8.pfb></usr/sha
re/texlive/texmf-dist/fonts/type1/public/amsfonts/cm/cmmi9.pfb></usr/share/texl
ive/texmf-dist/fonts/type1/public/amsfonts/cm/cmr10.pfb></usr/share/texlive/tex
mf-dist/fonts/type1/public/amsfonts/cm/cmr6.pfb></usr/share/texlive/texmf-dist/
fonts/type1/public/amsfonts/cm/cmr8.pfb></usr/share/texlive/texmf-dist/fonts/ty
pe1/public/amsfonts/cm/cmr9.pfb></usr/share/texlive/texmf-dist/fonts/type1/publ
ic/amsfonts/cm/cmss10.pfb></usr/share/texlive/texmf-dist/fonts/type1/public/ams
fonts/cm/cmssbx10.pfb></usr/share/texlive/texmf-dist/fonts/type1/public/amsfont
s/cm/cmsy10.pfb></usr/share/texlive/texmf-dist/fonts/type1/public/amsfonts/cm/c
msy6.pfb></usr/share/texlive/texmf-dist/fonts/type1/public/amsfonts/cm/cmsy8.pf
b></usr/share/texlive/texmf-dist/fonts/type1/public/amsfonts/cm/cmsy9.pfb></usr
/share/texlive/texmf-dist/fonts/type1/public/amsfonts/cm/cmti10.pfb></usr/share
/texlive/texmf-dist/fonts/type1/public/amsfonts/cm/cmti7.pfb></usr/share/texliv
e/texmf-dist/fonts/type1/public/amsfonts/cm/cmti8.pfb></usr/share/texlive/texmf
-dist/fonts/type1/public/amsfonts/cm/cmtt9.pfb></usr/share/texlive/texmf-dist/f
onts/type1/public/amsfonts/symbols/msam10.pfb></usr/share/texlive/texmf-dist/fo
nts/type1/public/amsfonts/symbols/msbm10.pfb>
Output written on main.pdf (57 pages, 5875103 bytes).
PDF statistics:
 1079 PDF objects out of 1200 (max. 8388607)
 902 compressed objects within 10 object streams
 297 named destinations out of 1000 (max. 500000)
 534 words of extra memory for PDF output out of 10000 (max. 10000000)

